C51 COMPILER V9.60.0.0   SWARM_SLAVE                                                       04/23/2021 15:45:59 PAGE 1   


C51 COMPILER V9.60.0.0, COMPILATION OF MODULE SWARM_SLAVE
OBJECT MODULE PLACED IN .\Objects\Swarm_slave.obj
COMPILER INVOKED BY: E:\Keil\C51\BIN\C51.EXE Swarm_slave.c OPTIMIZE(8,SPEED) BROWSE DEBUG OBJECTEXTEND PRINT(.\Listings\
                    -Swarm_slave.lst) TABS(2) OBJECT(.\Objects\Swarm_slave.obj)

line level    source

   1          // Including Necessary files
   2          
   3          #include <reg52.h>
   4          #include <stdio.h>
   5          
   6          #define lt 0x06;
   7          #define rt 0x09;
   8          #define st 0x0a;
   9          #define stop 0x00;
  10          
  11          unsigned int a;
  12          void main()
  13          {
  14   1        while(1)
  15   1        {
  16   2          a=P0&0x0f;
  17   2          if(a==0x06)
  18   2          {
  19   3            P2=lt;
  20   3          }
  21   2          if(a=0x09)
*** WARNING C276 IN LINE 21 OF Swarm_slave.c: constant in condition expression
  22   2          {
  23   3            P2=rt;
  24   3          }
  25   2          if(a=0x0a)
*** WARNING C276 IN LINE 25 OF Swarm_slave.c: constant in condition expression
  26   2          {
  27   3            P2=st;
  28   3          }
  29   2          if(a=0x00)
*** WARNING C276 IN LINE 29 OF Swarm_slave.c: constant in condition expression
  30   2          {
  31   3            P2=stop;
  32   3          }
  33   2        }
  34   1      }
*** WARNING C294 IN LINE 31 OF Swarm_slave.c: unreachable code


MODULE INFORMATION:   STATIC OVERLAYABLE
   CODE SIZE        =     44    ----
   CONSTANT SIZE    =   ----    ----
   XDATA SIZE       =   ----    ----
   PDATA SIZE       =   ----    ----
   DATA SIZE        =      2    ----
   IDATA SIZE       =   ----    ----
   BIT SIZE         =   ----    ----
END OF MODULE INFORMATION.


C51 COMPILATION COMPLETE.  4 WARNING(S),  0 ERROR(S)
